1536091328233	geckodriver	INFO	geckodriver 0.21.0
1536091328236	geckodriver	INFO	Listening on 127.0.0.1:42265
1536091329272	mozrunner::runner	INFO	Running command: "/usr/bin/firefox" "-marionette" "-foreground" "-no-remote" "-profile" "/tmp/rust_mozprofile.qhtxQ4607Ops"
1536091330314	Marionette	INFO	Listening on port 43401
1536091330377	Marionette	WARN	TLS certificate errors will be ignored for this session
[Parent 12740, Gecko_IOThread] WARNING: pipe error (52): Connection reset by peer: file /build/firefox/src/mozilla-unified/ipc/chromium/src/chrome/common/ipc_channel_posix.cc, line 353
[Parent 12740, Gecko_IOThread] WARNING: pipe error (63): Connection reset by peer: file /build/firefox/src/mozilla-unified/ipc/chromium/src/chrome/common/ipc_channel_posix.cc, line 353
[Parent 12740, Gecko_IOThread] WARNING: pipe error: Broken pipe: file /build/firefox/src/mozilla-unified/ipc/chromium/src/chrome/common/ipc_channel_posix.cc, line 709
*** UTM:SVC TimerManager:registerTimer called after profile-before-change notification. Ignoring timer registration for id: telemetry_modules_ping
1536091347095	geckodriver	INFO	geckodriver 0.21.0
1536091347098	geckodriver	INFO	Listening on 127.0.0.1:49865
1536091348130	mozrunner::runner	INFO	Running command: "/usr/bin/firefox" "-marionette" "-foreground" "-no-remote" "-profile" "/tmp/rust_mozprofile.iIEi2JLgeJ8E"
1536091349155	Marionette	INFO	Listening on port 39361
1536091349239	Marionette	WARN	TLS certificate errors will be ignored for this session
1536091470211	geckodriver	INFO	geckodriver 0.21.0
1536091470214	geckodriver	INFO	Listening on 127.0.0.1:56713
1536091471246	mozrunner::runner	INFO	Running command: "/usr/bin/firefox" "-marionette" "-foreground" "-no-remote" "-profile" "/tmp/rust_mozprofile.qv64o1nbryg0"
1536091472297	Marionette	INFO	Listening on port 41927
1536091472350	Marionette	WARN	TLS certificate errors will be ignored for this session
[Parent 12952, Gecko_IOThread] WARNING: pipe error: Broken pipe: file /build/firefox/src/mozilla-unified/ipc/chromium/src/chrome/common/ipc_channel_posix.cc, line 709
[Parent 13180, Gecko_IOThread] WARNING: pipe error (52): Connection reset by peer: file /build/firefox/src/mozilla-unified/ipc/chromium/src/chrome/common/ipc_channel_posix.cc, line 353
[Parent 13180, Gecko_IOThread] WARNING: pipe error: Broken pipe: file /build/firefox/src/mozilla-unified/ipc/chromium/src/chrome/common/ipc_channel_posix.cc, line 709
*** UTM:SVC TimerManager:registerTimer called after profile-before-change notification. Ignoring timer registration for id: telemetry_modules_ping
1536091533088	geckodriver	INFO	geckodriver 0.21.0
1536091533091	geckodriver	INFO	Listening on 127.0.0.1:47183
1536091534122	mozrunner::runner	INFO	Running command: "/usr/bin/firefox" "-marionette" "-foreground" "-no-remote" "-profile" "/tmp/rust_mozprofile.9vPnbjQhbZ8M"
1536091535175	Marionette	INFO	Listening on port 36087
1536091535230	Marionette	WARN	TLS certificate errors will be ignored for this session
